<?xml version="1.0" encoding="UTF-8"?>
<!-- Generated by org.testng.reporters.JUnitReportReporter -->
<testsuite hostname="NB58-070" name="tests.searchapartment.SearchApartmentTest" tests="1" failures="0" timestamp="25 Aug 2022 16:45:06 GMT" time="7.062" errors="0">
  <testcase name="checkRedirectTiListing" time="7.062" classname="tests.searchapartment.SearchApartmentTest"/>
</testsuite> <!-- tests.searchapartment.SearchApartmentTest -->
